

Started GET "/" for 127.0.0.1 at 2013-07-29 10:04:09 -0600
Connecting to database specified by database.yml
Processing by CatalogController#index as HTML
Solr query: {:qt=>"search", "spellcheck.q"=>nil, :"facet.field"=>["okinsirsi", "multiCatKey", "singleTarget", "cat", "subcat", "language", "freeJournal", "target", "sirsiPubDateNotes", "inSFX", "inSirsi"], :sort=>"score desc, pub_date_sort desc, title_sort asc", "start"=>0, "rows"=>10}
Solr fetch: CatalogController#query_solr (118.8ms)
  Rendered /home/asdp/.rvm/gems/ruby-2.0.0-p0/gems/blacklight-4.0.1/app/views/catalog/_facets.html.erb (0.4ms)
  Rendered /home/asdp/.rvm/gems/ruby-2.0.0-p0/gems/blacklight-4.0.1/app/views/catalog/_home_text.html.erb (0.4ms)
  Rendered /home/asdp/.rvm/gems/ruby-2.0.0-p0/gems/blacklight-4.0.1/app/views/catalog/_facets.html.erb (0.1ms)
  Rendered /home/asdp/.rvm/gems/ruby-2.0.0-p0/gems/blacklight-4.0.1/app/views/catalog/_home.html.erb (2.1ms)
  Rendered /home/asdp/.rvm/gems/ruby-2.0.0-p0/gems/blacklight-4.0.1/app/views/catalog/index.html.erb within layouts/blacklight (42.2ms)
Compiled improved-modal/bootstrap-modal.css  (0ms)  (pid 31184)
Compiled blacklight.css  (2292ms)  (pid 31184)
Compiled application.css  (2297ms)  (pid 31184)
Compiled jquery.js  (3ms)  (pid 31184)
Compiled jquery_ujs.js  (0ms)  (pid 31184)
Compiled blacklight/core.js  (0ms)  (pid 31184)
Compiled blacklight/checkbox_submit.js  (0ms)  (pid 31184)
Compiled blacklight/bookmark_toggle.js  (3ms)  (pid 31184)
Compiled blacklight/facet_expand_contract.js  (0ms)  (pid 31184)
Compiled blacklight/lightbox_dialog.js  (0ms)  (pid 31184)
Compiled blacklight/search_context.js  (0ms)  (pid 31184)
Compiled blacklight/select_submit.js  (0ms)  (pid 31184)
Compiled blacklight/zebra_stripe.js  (0ms)  (pid 31184)
Compiled blacklight/css_dropdowns.js  (0ms)  (pid 31184)
Compiled bootstrap-transition.js  (0ms)  (pid 31184)
Compiled bootstrap-collapse.js  (0ms)  (pid 31184)
Compiled bootstrap-alert.js  (0ms)  (pid 31184)
Compiled improved-modal/bootstrap-modalmanager.js  (0ms)  (pid 31184)
Compiled improved-modal/bootstrap-modal.js  (0ms)  (pid 31184)
Compiled blacklight/blacklight.js  (61ms)  (pid 31184)
Compiled application.js  (105ms)  (pid 31184)
  Rendered /home/asdp/.rvm/gems/ruby-2.0.0-p0/gems/blacklight-4.0.1/app/views/catalog/_search_form.html.erb (1.2ms)
  Rendered /home/asdp/.rvm/gems/ruby-2.0.0-p0/gems/blacklight-4.0.1/app/views/_user_util_links.html.erb (0.7ms)
  Rendered /home/asdp/.rvm/gems/ruby-2.0.0-p0/gems/blacklight-4.0.1/app/views/shared/_header_navbar.html.erb (4.8ms)
  Rendered /home/asdp/.rvm/gems/ruby-2.0.0-p0/gems/blacklight-4.0.1/app/views/_flash_msg.html.erb (0.3ms)
  Rendered /home/asdp/.rvm/gems/ruby-2.0.0-p0/gems/blacklight-4.0.1/app/views/shared/_footer.html.erb (0.2ms)
Completed 200 OK in 2738ms (Views: 2574.7ms | ActiveRecord: 0.0ms)


Started GET "/assets/application.css?body=1" for 127.0.0.1 at 2013-07-29 10:04:13 -0600
Served asset /application.css - 304 Not Modified (43ms)


Started GET "/assets/blacklight.css?body=1" for 127.0.0.1 at 2013-07-29 10:04:13 -0600
Served asset /blacklight.css - 200 OK (37ms)


Started GET "/assets/jquery.js?body=1" for 127.0.0.1 at 2013-07-29 10:04:13 -0600
Served asset /jquery.js - 304 Not Modified (2ms)


Started GET "/assets/jquery_ujs.js?body=1" for 127.0.0.1 at 2013-07-29 10:04:13 -0600
Served asset /jquery_ujs.js - 304 Not Modified (2ms)


Started GET "/assets/blacklight/core.js?body=1" for 127.0.0.1 at 2013-07-29 10:04:13 -0600
Served asset /blacklight/core.js - 304 Not Modified (1ms)


Started GET "/assets/blacklight/checkbox_submit.js?body=1" for 127.0.0.1 at 2013-07-29 10:04:13 -0600
Served asset /blacklight/checkbox_submit.js - 304 Not Modified (1ms)


Started GET "/assets/blacklight/bookmark_toggle.js?body=1" for 127.0.0.1 at 2013-07-29 10:04:13 -0600
Served asset /blacklight/bookmark_toggle.js - 304 Not Modified (8ms)


Started GET "/assets/blacklight/facet_expand_contract.js?body=1" for 127.0.0.1 at 2013-07-29 10:04:13 -0600
Served asset /blacklight/facet_expand_contract.js - 304 Not Modified (2ms)


Started GET "/assets/blacklight/lightbox_dialog.js?body=1" for 127.0.0.1 at 2013-07-29 10:04:13 -0600
Served asset /blacklight/lightbox_dialog.js - 304 Not Modified (3ms)


Started GET "/assets/blacklight/css_dropdowns.js?body=1" for 127.0.0.1 at 2013-07-29 10:04:13 -0600
Served asset /blacklight/css_dropdowns.js - 304 Not Modified (2ms)


Started GET "/assets/blacklight/select_submit.js?body=1" for 127.0.0.1 at 2013-07-29 10:04:13 -0600
Served asset /blacklight/select_submit.js - 304 Not Modified (2ms)


Started GET "/assets/blacklight/search_context.js?body=1" for 127.0.0.1 at 2013-07-29 10:04:13 -0600
Served asset /blacklight/search_context.js - 304 Not Modified (1ms)


Started GET "/assets/blacklight/zebra_stripe.js?body=1" for 127.0.0.1 at 2013-07-29 10:04:13 -0600
Served asset /blacklight/zebra_stripe.js - 304 Not Modified (1ms)


Started GET "/assets/bootstrap-transition.js?body=1" for 127.0.0.1 at 2013-07-29 10:04:13 -0600
Served asset /bootstrap-transition.js - 304 Not Modified (1ms)


Started GET "/assets/bootstrap-alert.js?body=1" for 127.0.0.1 at 2013-07-29 10:04:13 -0600
Served asset /bootstrap-alert.js - 304 Not Modified (1ms)


Started GET "/assets/improved-modal/bootstrap-modalmanager.js?body=1" for 127.0.0.1 at 2013-07-29 10:04:13 -0600
Served asset /improved-modal/bootstrap-modalmanager.js - 304 Not Modified (1ms)


Started GET "/assets/application.js?body=1" for 127.0.0.1 at 2013-07-29 10:04:13 -0600
Served asset /application.js - 304 Not Modified (39ms)


Started GET "/assets/blacklight/blacklight.js?body=1" for 127.0.0.1 at 2013-07-29 10:04:13 -0600
Served asset /blacklight/blacklight.js - 304 Not Modified (10ms)


Started GET "/assets/improved-modal/bootstrap-modal.js?body=1" for 127.0.0.1 at 2013-07-29 10:04:13 -0600
Served asset /improved-modal/bootstrap-modal.js - 304 Not Modified (2ms)


Started GET "/assets/bootstrap-collapse.js?body=1" for 127.0.0.1 at 2013-07-29 10:04:13 -0600
Served asset /bootstrap-collapse.js - 304 Not Modified (1ms)


Started GET "/assets/blacklight/logo.png" for 127.0.0.1 at 2013-07-29 10:04:13 -0600
Served asset /blacklight/logo.png - 304 Not Modified (17ms)


Started GET "/assets/glyphicons-halflings-white.png" for 127.0.0.1 at 2013-07-29 10:04:13 -0600
Served asset /glyphicons-halflings-white.png - 304 Not Modified (5ms)


Started GET "/assets/favicon.ico" for 127.0.0.1 at 2013-07-29 10:04:13 -0600
Served asset /favicon.ico - 304 Not Modified (7ms)


Started GET "/" for 127.0.0.1 at 2013-07-30 14:35:58 -0600
Connecting to database specified by database.yml
Processing by CatalogController#index as HTML
Completed 500 Internal Server Error in 93ms

RSolr::Error::Http (RSolr::Error::Http - 400 Bad Request
Error:     undefined field okinsirsi

URI: http://127.0.0.1:8983/solr/select?wt=ruby&qt=search&facet.field=okinsirsi&facet.field=multiCatKey&facet.field=singleTarget&facet.field=cat&facet.field=subcat&facet.field=language&facet.field=freeJournal&facet.field=target&facet.field=sirsiPubDateNotes&facet.field=inSFX&facet.field=inSirsi&sort=score+desc%2C+pub_date_sort+desc%2C+title_sort+asc&start=0&rows=10

Backtrace: /home/asdp/.rvm/gems/ruby-2.0.0-p0/gems/rsolr-1.0.8/lib/rsolr/client.rb:230:in `adapt_response'
/home/asdp/.rvm/gems/ruby-2.0.0-p0/gems/rsolr-1.0.8/lib/rsolr/client.rb:167:in `execute'
/home/asdp/.rvm/gems/ruby-2.0.0-p0/gems/rsolr-1.0.8/lib/rsolr/client.rb:48:in `paginate'
/home/asdp/.rvm/gems/ruby-2.0.0-p0/gems/blacklight-4.0.1/lib/blacklight/solr_helper.rb:389:in `query_solr'
/home/asdp/.rvm/gems/ruby-2.0.0-p0/gems/blacklight-4.0.1/lib/blacklight/solr_helper.rb:371:in `get_search_results'
/home/asdp/.rvm/gems/ruby-2.0.0-p0/gems/blacklight-4.0.1/lib/blacklight/catalog.rb:38:in `index'
/home/asdp/.rvm/gems/ruby-2.0.0-p0/gems/actionpack-3.2.12/lib/action_controller/metal/implicit_render.rb:4:in `send_action'
/home/asdp/.rvm/gems/ruby-2.0.0-p0/gems/actionpack-3.2.12/lib/abstract_controller/base.rb:167:in `process_action'
/home/asdp/.rvm/gems/ruby-2.0.0-p0/gems/actionpack-3.2.12/lib/action_controller/metal/rendering.rb:10:in `process_action'
/home/asdp/.rvm/gems/ruby-2.0.0-p0/gems/actionpack-3.2.12/lib/abstract_controller/callbacks.rb:18:in `block in process_action'
/home/asdp/.rvm/gems/ruby-2.0.0-p0/gems/activesupport-3.2.12/lib/active_support/callbacks.rb:458:in `_run__1038548557__process_action__185536152__callbacks'):
  rsolr (1.0.8) lib/rsolr/client.rb:230:in `adapt_response'
  rsolr (1.0.8) lib/rsolr/client.rb:167:in `execute'
  rsolr (1.0.8) lib/rsolr/client.rb:48:in `paginate'
  blacklight (4.0.1) lib/blacklight/solr_helper.rb:389:in `query_solr'
  blacklight (4.0.1) lib/blacklight/solr_helper.rb:371:in `get_search_results'
  blacklight (4.0.1) lib/blacklight/catalog.rb:38:in `index'
  actionpack (3.2.12) lib/action_controller/metal/implicit_render.rb:4:in `send_action'
  actionpack (3.2.12) lib/abstract_controller/base.rb:167:in `process_action'
  actionpack (3.2.12) lib/action_controller/metal/rendering.rb:10:in `process_action'
  actionpack (3.2.12) lib/abstract_controller/callbacks.rb:18:in `block in process_action'
  activesupport (3.2.12) lib/active_support/callbacks.rb:458:in `_run__1038548557__process_action__185536152__callbacks'
  activesupport (3.2.12) lib/active_support/callbacks.rb:405:in `__run_callback'
  activesupport (3.2.12) lib/active_support/callbacks.rb:385:in `_run_process_action_callbacks'
  activesupport (3.2.12) lib/active_support/callbacks.rb:81:in `run_callbacks'
  actionpack (3.2.12) lib/abstract_controller/callbacks.rb:17:in `process_action'
  actionpack (3.2.12) lib/action_controller/metal/rescue.rb:29:in `process_action'
  actionpack (3.2.12) lib/action_controller/metal/instrumentation.rb:30:in `block in process_action'
  activesupport (3.2.12) lib/active_support/notifications.rb:123:in `block in instrument'
  activesupport (3.2.12) lib/active_support/notifications/instrumenter.rb:20:in `instrument'
  activesupport (3.2.12) lib/active_support/notifications.rb:123:in `instrument'
  actionpack (3.2.12) lib/action_controller/metal/instrumentation.rb:29:in `process_action'
  actionpack (3.2.12) lib/action_controller/metal/params_wrapper.rb:207:in `process_action'
  activerecord (3.2.12) lib/active_record/railties/controller_runtime.rb:18:in `process_action'
  actionpack (3.2.12) lib/abstract_controller/base.rb:121:in `process'
  actionpack (3.2.12) lib/abstract_controller/rendering.rb:45:in `process'
  actionpack (3.2.12) lib/action_controller/metal.rb:203:in `dispatch'
  actionpack (3.2.12) lib/action_controller/metal/rack_delegation.rb:14:in `dispatch'
  actionpack (3.2.12) lib/action_controller/metal.rb:246:in `block in action'
  actionpack (3.2.12) lib/action_dispatch/routing/route_set.rb:73:in `call'
  actionpack (3.2.12) lib/action_dispatch/routing/route_set.rb:73:in `dispatch'
  actionpack (3.2.12) lib/action_dispatch/routing/route_set.rb:36:in `call'
  journey (1.0.4) lib/journey/router.rb:68:in `block in call'
  journey (1.0.4) lib/journey/router.rb:56:in `each'
  journey (1.0.4) lib/journey/router.rb:56:in `call'
  actionpack (3.2.12) lib/action_dispatch/routing/route_set.rb:601:in `call'
  warden (1.2.1) lib/warden/manager.rb:35:in `block in call'
  warden (1.2.1) lib/warden/manager.rb:34:in `catch'
  warden (1.2.1) lib/warden/manager.rb:34:in `call'
  actionpack (3.2.12) lib/action_dispatch/middleware/best_standards_support.rb:17:in `call'
  rack (1.4.5) lib/rack/etag.rb:23:in `call'
  rack (1.4.5) lib/rack/conditionalget.rb:25:in `call'
  actionpack (3.2.12) lib/action_dispatch/middleware/head.rb:14:in `call'
  actionpack (3.2.12) lib/action_dispatch/middleware/params_parser.rb:21:in `call'
  actionpack (3.2.12) lib/action_dispatch/middleware/flash.rb:242:in `call'
  rack (1.4.5) lib/rack/session/abstract/id.rb:210:in `context'
  rack (1.4.5) lib/rack/session/abstract/id.rb:205:in `call'
  actionpack (3.2.12) lib/action_dispatch/middleware/cookies.rb:341:in `call'
  activerecord (3.2.12) lib/active_record/query_cache.rb:64:in `call'
  activerecord (3.2.12) lib/active_record/connection_adapters/abstract/connection_pool.rb:479:in `call'
  actionpack (3.2.12) lib/action_dispatch/middleware/callbacks.rb:28:in `block in call'
  activesupport (3.2.12) lib/active_support/callbacks.rb:405:in `_run__225276032__call__124628503__callbacks'
  activesupport (3.2.12) lib/active_support/callbacks.rb:405:in `__run_callback'
  activesupport (3.2.12) lib/active_support/callbacks.rb:385:in `_run_call_callbacks'
  activesupport (3.2.12) lib/active_support/callbacks.rb:81:in `run_callbacks'
  actionpack (3.2.12) lib/action_dispatch/middleware/callbacks.rb:27:in `call'
  actionpack (3.2.12) lib/action_dispatch/middleware/reloader.rb:65:in `call'
  actionpack (3.2.12) lib/action_dispatch/middleware/remote_ip.rb:31:in `call'
  actionpack (3.2.12) lib/action_dispatch/middleware/debug_exceptions.rb:16:in `call'
  actionpack (3.2.12) lib/action_dispatch/middleware/show_exceptions.rb:56:in `call'
  railties (3.2.12) lib/rails/rack/logger.rb:32:in `call_app'
  railties (3.2.12) lib/rails/rack/logger.rb:16:in `block in call'
  activesupport (3.2.12) lib/active_support/tagged_logging.rb:22:in `tagged'
  railties (3.2.12) lib/rails/rack/logger.rb:16:in `call'
  actionpack (3.2.12) lib/action_dispatch/middleware/request_id.rb:22:in `call'
  rack (1.4.5) lib/rack/methodoverride.rb:21:in `call'
  rack (1.4.5) lib/rack/runtime.rb:17:in `call'
  activesupport (3.2.12) lib/active_support/cache/strategy/local_cache.rb:72:in `call'
  rack (1.4.5) lib/rack/lock.rb:15:in `call'
  actionpack (3.2.12) lib/action_dispatch/middleware/static.rb:62:in `call'
  railties (3.2.12) lib/rails/engine.rb:479:in `call'
  railties (3.2.12) lib/rails/application.rb:223:in `call'
  rack (1.4.5) lib/rack/content_length.rb:14:in `call'
  railties (3.2.12) lib/rails/rack/log_tailer.rb:17:in `call'
  rack (1.4.5) lib/rack/handler/webrick.rb:59:in `service'
  /home/asdp/.rvm/rubies/ruby-2.0.0-p0/lib/ruby/2.0.0/webrick/httpserver.rb:138:in `service'
  /home/asdp/.rvm/rubies/ruby-2.0.0-p0/lib/ruby/2.0.0/webrick/httpserver.rb:94:in `run'
  /home/asdp/.rvm/rubies/ruby-2.0.0-p0/lib/ruby/2.0.0/webrick/server.rb:295:in `block in start_thread'


  Rendered /home/asdp/.rvm/gems/ruby-2.0.0-p0/gems/actionpack-3.2.12/lib/action_dispatch/middleware/templates/rescues/_trace.erb (0.8ms)
  Rendered /home/asdp/.rvm/gems/ruby-2.0.0-p0/gems/actionpack-3.2.12/lib/action_dispatch/middleware/templates/rescues/_request_and_response.erb (0.6ms)
  Rendered /home/asdp/.rvm/gems/ruby-2.0.0-p0/gems/actionpack-3.2.12/lib/action_dispatch/middleware/templates/rescues/diagnostics.erb within rescues/layout (6.9ms)


Started GET "/" for 127.0.0.1 at 2013-07-30 14:38:44 -0600
Connecting to database specified by database.yml
Processing by CatalogController#index as HTML
Solr query: {:qt=>"search", "spellcheck.q"=>nil, :"facet.field"=>["ua_singleTarget", "ua_language", "ua_freeJournal", "ua_target", "ua_sirsiPubDateNotes", "ua_inSFX", "ua_inSirsi"], :sort=>"score desc, pub_date_sort desc, title_sort asc", "start"=>0, "rows"=>10}
Solr fetch: CatalogController#query_solr (165.3ms)
  Rendered /home/asdp/.rvm/gems/ruby-2.0.0-p0/gems/blacklight-4.0.1/app/views/catalog/_facet_limit.html.erb (112.3ms)
  Rendered /home/asdp/.rvm/gems/ruby-2.0.0-p0/gems/blacklight-4.0.1/app/views/catalog/_facets.html.erb (118.7ms)
  Rendered /home/asdp/.rvm/gems/ruby-2.0.0-p0/gems/blacklight-4.0.1/app/views/catalog/_home_text.html.erb (0.3ms)
  Rendered /home/asdp/.rvm/gems/ruby-2.0.0-p0/gems/blacklight-4.0.1/app/views/catalog/_facet_limit.html.erb (3.4ms)
  Rendered /home/asdp/.rvm/gems/ruby-2.0.0-p0/gems/blacklight-4.0.1/app/views/catalog/_facets.html.erb (4.1ms)
  Rendered /home/asdp/.rvm/gems/ruby-2.0.0-p0/gems/blacklight-4.0.1/app/views/catalog/_home.html.erb (6.3ms)
  Rendered /home/asdp/.rvm/gems/ruby-2.0.0-p0/gems/blacklight-4.0.1/app/views/catalog/index.html.erb within layouts/blacklight (158.9ms)
  Rendered /home/asdp/.rvm/gems/ruby-2.0.0-p0/gems/blacklight-4.0.1/app/views/catalog/_search_form.html.erb (1.2ms)
  Rendered /home/asdp/.rvm/gems/ruby-2.0.0-p0/gems/blacklight-4.0.1/app/views/_user_util_links.html.erb (0.7ms)
  Rendered /home/asdp/.rvm/gems/ruby-2.0.0-p0/gems/blacklight-4.0.1/app/views/shared/_header_navbar.html.erb (16.5ms)
  Rendered /home/asdp/.rvm/gems/ruby-2.0.0-p0/gems/blacklight-4.0.1/app/views/_flash_msg.html.erb (0.4ms)
  Rendered /home/asdp/.rvm/gems/ruby-2.0.0-p0/gems/blacklight-4.0.1/app/views/shared/_footer.html.erb (0.2ms)
Completed 200 OK in 557ms (Views: 297.9ms | ActiveRecord: 0.0ms)


Started GET "/assets/blacklight.css?body=1" for 127.0.0.1 at 2013-07-30 14:38:44 -0600
Served asset /blacklight.css - 304 Not Modified (38ms)


Started GET "/assets/jquery.js?body=1" for 127.0.0.1 at 2013-07-30 14:38:44 -0600
Served asset /jquery.js - 304 Not Modified (2ms)


Started GET "/assets/jquery_ujs.js?body=1" for 127.0.0.1 at 2013-07-30 14:38:44 -0600
Served asset /jquery_ujs.js - 304 Not Modified (1ms)


Started GET "/assets/blacklight/core.js?body=1" for 127.0.0.1 at 2013-07-30 14:38:44 -0600
Served asset /blacklight/core.js - 304 Not Modified (2ms)


Started GET "/assets/blacklight/checkbox_submit.js?body=1" for 127.0.0.1 at 2013-07-30 14:38:44 -0600
Served asset /blacklight/checkbox_submit.js - 304 Not Modified (1ms)


Started GET "/assets/application.css?body=1" for 127.0.0.1 at 2013-07-30 14:38:44 -0600
Served asset /application.css - 304 Not Modified (58ms)


Started GET "/assets/blacklight/bookmark_toggle.js?body=1" for 127.0.0.1 at 2013-07-30 14:38:44 -0600
Served asset /blacklight/bookmark_toggle.js - 304 Not Modified (2ms)


Started GET "/assets/blacklight/lightbox_dialog.js?body=1" for 127.0.0.1 at 2013-07-30 14:38:44 -0600
Served asset /blacklight/lightbox_dialog.js - 304 Not Modified (6ms)


Started GET "/assets/blacklight/facet_expand_contract.js?body=1" for 127.0.0.1 at 2013-07-30 14:38:44 -0600
Served asset /blacklight/facet_expand_contract.js - 304 Not Modified (2ms)


Started GET "/assets/blacklight/select_submit.js?body=1" for 127.0.0.1 at 2013-07-30 14:38:44 -0600
Served asset /blacklight/select_submit.js - 304 Not Modified (11ms)


Started GET "/assets/blacklight/search_context.js?body=1" for 127.0.0.1 at 2013-07-30 14:38:44 -0600
Served asset /blacklight/search_context.js - 304 Not Modified (2ms)


Started GET "/assets/blacklight/zebra_stripe.js?body=1" for 127.0.0.1 at 2013-07-30 14:38:45 -0600
Served asset /blacklight/zebra_stripe.js - 304 Not Modified (2ms)


Started GET "/assets/blacklight/css_dropdowns.js?body=1" for 127.0.0.1 at 2013-07-30 14:38:45 -0600
Served asset /blacklight/css_dropdowns.js - 304 Not Modified (1ms)


Started GET "/assets/bootstrap-transition.js?body=1" for 127.0.0.1 at 2013-07-30 14:38:45 -0600
Served asset /bootstrap-transition.js - 304 Not Modified (1ms)


Started GET "/assets/bootstrap-collapse.js?body=1" for 127.0.0.1 at 2013-07-30 14:38:45 -0600
Served asset /bootstrap-collapse.js - 304 Not Modified (3ms)


Started GET "/assets/improved-modal/bootstrap-modalmanager.js?body=1" for 127.0.0.1 at 2013-07-30 14:38:45 -0600
Served asset /improved-modal/bootstrap-modalmanager.js - 304 Not Modified (1ms)


Started GET "/assets/blacklight/blacklight.js?body=1" for 127.0.0.1 at 2013-07-30 14:38:45 -0600
Served asset /blacklight/blacklight.js - 304 Not Modified (12ms)


Started GET "/assets/improved-modal/bootstrap-modal.js?body=1" for 127.0.0.1 at 2013-07-30 14:38:45 -0600
Served asset /improved-modal/bootstrap-modal.js - 304 Not Modified (3ms)


Started GET "/assets/bootstrap-alert.js?body=1" for 127.0.0.1 at 2013-07-30 14:38:45 -0600
Served asset /bootstrap-alert.js - 304 Not Modified (2ms)


Started GET "/assets/application.js?body=1" for 127.0.0.1 at 2013-07-30 14:38:45 -0600
Served asset /application.js - 304 Not Modified (46ms)


Started GET "/assets/glyphicons-halflings-white.png" for 127.0.0.1 at 2013-07-30 14:38:45 -0600
Served asset /glyphicons-halflings-white.png - 304 Not Modified (33ms)


Started GET "/assets/glyphicons-halflings.png" for 127.0.0.1 at 2013-07-30 14:38:45 -0600
Served asset /glyphicons-halflings.png - 304 Not Modified (5ms)


Started GET "/assets/blacklight/logo.png" for 127.0.0.1 at 2013-07-30 14:38:45 -0600
Served asset /blacklight/logo.png - 304 Not Modified (22ms)


Started GET "/assets/favicon.ico" for 127.0.0.1 at 2013-07-30 14:38:45 -0600
Served asset /favicon.ico - 304 Not Modified (27ms)


Started GET "/?f%5Bua_target%5D%5B%5D=text" for 127.0.0.1 at 2013-07-30 14:38:47 -0600
Processing by CatalogController#index as HTML
  Parameters: {"f"=>{"ua_target"=>["text"]}}
Solr query: {:qt=>"search", "spellcheck.q"=>nil, :fq=>["{!raw f=ua_target}text"], :"facet.field"=>["ua_singleTarget", "ua_language", "ua_freeJournal", "ua_target", "ua_sirsiPubDateNotes", "ua_inSFX", "ua_inSirsi"], :sort=>"score desc, pub_date_sort desc, title_sort asc", "start"=>0, "rows"=>10}
Solr fetch: CatalogController#query_solr (20.3ms)
Completed 500 Internal Server Error in 62ms

ActiveRecord::StatementInvalid (Could not find table 'searches'):
  activerecord (3.2.12) lib/active_record/connection_adapters/sqlite_adapter.rb:472:in `table_structure'
  activerecord (3.2.12) lib/active_record/connection_adapters/sqlite_adapter.rb:346:in `columns'
  activerecord (3.2.12) lib/active_record/connection_adapters/schema_cache.rb:12:in `block in initialize'
  activerecord (3.2.12) lib/active_record/model_schema.rb:228:in `yield'
  activerecord (3.2.12) lib/active_record/model_schema.rb:228:in `columns'
  activerecord (3.2.12) lib/active_record/model_schema.rb:243:in `column_defaults'
  activerecord (3.2.12) lib/active_record/base.rb:482:in `initialize'
  activerecord (3.2.12) lib/active_record/persistence.rb:44:in `new'
  activerecord (3.2.12) lib/active_record/persistence.rb:44:in `create'
  blacklight (4.0.1) lib/blacklight/catalog.rb:251:in `save_current_search_params'
  blacklight (4.0.1) lib/blacklight/catalog.rb:42:in `block (2 levels) in index'
  actionpack (3.2.12) lib/action_controller/metal/mime_responds.rb:196:in `call'
  actionpack (3.2.12) lib/action_controller/metal/mime_responds.rb:196:in `respond_to'
  blacklight (4.0.1) lib/blacklight/catalog.rb:41:in `index'
  actionpack (3.2.12) lib/action_controller/metal/implicit_render.rb:4:in `send_action'
  actionpack (3.2.12) lib/abstract_controller/base.rb:167:in `process_action'
  actionpack (3.2.12) lib/action_controller/metal/rendering.rb:10:in `process_action'
  actionpack (3.2.12) lib/abstract_controller/callbacks.rb:18:in `block in process_action'
  activesupport (3.2.12) lib/active_support/callbacks.rb:458:in `_run__689712769__process_action__611283914__callbacks'
  activesupport (3.2.12) lib/active_support/callbacks.rb:405:in `__run_callback'
  activesupport (3.2.12) lib/active_support/callbacks.rb:385:in `_run_process_action_callbacks'
  activesupport (3.2.12) lib/active_support/callbacks.rb:81:in `run_callbacks'
  actionpack (3.2.12) lib/abstract_controller/callbacks.rb:17:in `process_action'
  actionpack (3.2.12) lib/action_controller/metal/rescue.rb:29:in `process_action'
  actionpack (3.2.12) lib/action_controller/metal/instrumentation.rb:30:in `block in process_action'
  activesupport (3.2.12) lib/active_support/notifications.rb:123:in `block in instrument'
  activesupport (3.2.12) lib/active_support/notifications/instrumenter.rb:20:in `instrument'
  activesupport (3.2.12) lib/active_support/notifications.rb:123:in `instrument'
  actionpack (3.2.12) lib/action_controller/metal/instrumentation.rb:29:in `process_action'
  actionpack (3.2.12) lib/action_controller/metal/params_wrapper.rb:207:in `process_action'
  activerecord (3.2.12) lib/active_record/railties/controller_runtime.rb:18:in `process_action'
  actionpack (3.2.12) lib/abstract_controller/base.rb:121:in `process'
  actionpack (3.2.12) lib/abstract_controller/rendering.rb:45:in `process'
  actionpack (3.2.12) lib/action_controller/metal.rb:203:in `dispatch'
  actionpack (3.2.12) lib/action_controller/metal/rack_delegation.rb:14:in `dispatch'
  actionpack (3.2.12) lib/action_controller/metal.rb:246:in `block in action'
  actionpack (3.2.12) lib/action_dispatch/routing/route_set.rb:73:in `call'
  actionpack (3.2.12) lib/action_dispatch/routing/route_set.rb:73:in `dispatch'
  actionpack (3.2.12) lib/action_dispatch/routing/route_set.rb:36:in `call'
  journey (1.0.4) lib/journey/router.rb:68:in `block in call'
  journey (1.0.4) lib/journey/router.rb:56:in `each'
  journey (1.0.4) lib/journey/router.rb:56:in `call'
  actionpack (3.2.12) lib/action_dispatch/routing/route_set.rb:601:in `call'
  warden (1.2.1) lib/warden/manager.rb:35:in `block in call'
  warden (1.2.1) lib/warden/manager.rb:34:in `catch'
  warden (1.2.1) lib/warden/manager.rb:34:in `call'
  actionpack (3.2.12) lib/action_dispatch/middleware/best_standards_support.rb:17:in `call'
  rack (1.4.5) lib/rack/etag.rb:23:in `call'
  rack (1.4.5) lib/rack/conditionalget.rb:25:in `call'
  actionpack (3.2.12) lib/action_dispatch/middleware/head.rb:14:in `call'
  actionpack (3.2.12) lib/action_dispatch/middleware/params_parser.rb:21:in `call'
  actionpack (3.2.12) lib/action_dispatch/middleware/flash.rb:242:in `call'
  rack (1.4.5) lib/rack/session/abstract/id.rb:210:in `context'
  rack (1.4.5) lib/rack/session/abstract/id.rb:205:in `call'
  actionpack (3.2.12) lib/action_dispatch/middleware/cookies.rb:341:in `call'
  activerecord (3.2.12) lib/active_record/query_cache.rb:64:in `call'
  activerecord (3.2.12) lib/active_record/connection_adapters/abstract/connection_pool.rb:479:in `call'
  actionpack (3.2.12) lib/action_dispatch/middleware/callbacks.rb:28:in `block in call'
  activesupport (3.2.12) lib/active_support/callbacks.rb:405:in `_run__539888085__call__499543682__callbacks'
  activesupport (3.2.12) lib/active_support/callbacks.rb:405:in `__run_callback'
  activesupport (3.2.12) lib/active_support/callbacks.rb:385:in `_run_call_callbacks'
  activesupport (3.2.12) lib/active_support/callbacks.rb:81:in `run_callbacks'
  actionpack (3.2.12) lib/action_dispatch/middleware/callbacks.rb:27:in `call'
  actionpack (3.2.12) lib/action_dispatch/middleware/reloader.rb:65:in `call'
  actionpack (3.2.12) lib/action_dispatch/middleware/remote_ip.rb:31:in `call'
  actionpack (3.2.12) lib/action_dispatch/middleware/debug_exceptions.rb:16:in `call'
  actionpack (3.2.12) lib/action_dispatch/middleware/show_exceptions.rb:56:in `call'
  railties (3.2.12) lib/rails/rack/logger.rb:32:in `call_app'
  railties (3.2.12) lib/rails/rack/logger.rb:16:in `block in call'
  activesupport (3.2.12) lib/active_support/tagged_logging.rb:22:in `tagged'
  railties (3.2.12) lib/rails/rack/logger.rb:16:in `call'
  actionpack (3.2.12) lib/action_dispatch/middleware/request_id.rb:22:in `call'
  rack (1.4.5) lib/rack/methodoverride.rb:21:in `call'
  rack (1.4.5) lib/rack/runtime.rb:17:in `call'
  activesupport (3.2.12) lib/active_support/cache/strategy/local_cache.rb:72:in `call'
  rack (1.4.5) lib/rack/lock.rb:15:in `call'
  actionpack (3.2.12) lib/action_dispatch/middleware/static.rb:62:in `call'
  railties (3.2.12) lib/rails/engine.rb:479:in `call'
  railties (3.2.12) lib/rails/application.rb:223:in `call'
  rack (1.4.5) lib/rack/content_length.rb:14:in `call'
  railties (3.2.12) lib/rails/rack/log_tailer.rb:17:in `call'
  rack (1.4.5) lib/rack/handler/webrick.rb:59:in `service'
  /home/asdp/.rvm/rubies/ruby-2.0.0-p0/lib/ruby/2.0.0/webrick/httpserver.rb:138:in `service'
  /home/asdp/.rvm/rubies/ruby-2.0.0-p0/lib/ruby/2.0.0/webrick/httpserver.rb:94:in `run'
  /home/asdp/.rvm/rubies/ruby-2.0.0-p0/lib/ruby/2.0.0/webrick/server.rb:295:in `block in start_thread'


  Rendered /home/asdp/.rvm/gems/ruby-2.0.0-p0/gems/actionpack-3.2.12/lib/action_dispatch/middleware/templates/rescues/_trace.erb (0.8ms)
  Rendered /home/asdp/.rvm/gems/ruby-2.0.0-p0/gems/actionpack-3.2.12/lib/action_dispatch/middleware/templates/rescues/_request_and_response.erb (0.6ms)
  Rendered /home/asdp/.rvm/gems/ruby-2.0.0-p0/gems/actionpack-3.2.12/lib/action_dispatch/middleware/templates/rescues/diagnostics.erb within rescues/layout (5.9ms)
Connecting to database specified by database.yml
  [1m[36m (0.0ms)[0m  [1mselect sqlite_version(*)[0m
  [1m[35m (152.9ms)[0m  CREATE TABLE "schema_migrations" ("version" varchar(255) NOT NULL) 
  [1m[36m (142.2ms)[0m  [1mCREATE UNIQUE INDEX "unique_schema_migrations" ON "schema_migrations" ("version")[0m
  [1m[35m (0.1ms)[0m  SELECT "schema_migrations"."version" FROM "schema_migrations" 
Migrating to CreateSearches (20130306203435)
  [1m[36m (0.0ms)[0m  [1mbegin transaction[0m
  [1m[35m (0.4ms)[0m  CREATE TABLE "searches" ("id" INTEGER PRIMARY KEY AUTOINCREMENT NOT NULL, "query_params" text, "user_id" integer, "created_at" datetime NOT NULL, "updated_at" datetime NOT NULL) 
  [1m[36m (0.2ms)[0m  [1mCREATE INDEX "index_searches_on_user_id" ON "searches" ("user_id")[0m
  [1m[35m (0.1ms)[0m  INSERT INTO "schema_migrations" ("version") VALUES ('20130306203435')
  [1m[36m (119.7ms)[0m  [1mcommit transaction[0m
Migrating to CreateBookmarks (20130306203436)
  [1m[35m (0.1ms)[0m  begin transaction
  [1m[36m (17.8ms)[0m  [1mCREATE TABLE "bookmarks" ("id" INTEGER PRIMARY KEY AUTOINCREMENT NOT NULL, "user_id" integer NOT NULL, "url" text, "document_id" varchar(255), "title" varchar(255), "notes" text, "created_at" datetime NOT NULL, "updated_at" datetime NOT NULL) [0m
  [1m[35m (0.1ms)[0m  INSERT INTO "schema_migrations" ("version") VALUES ('20130306203436')
  [1m[36m (130.1ms)[0m  [1mcommit transaction[0m
Migrating to RemoveEditableFieldsFromBookmarks (20130306203437)
  [1m[35m (0.1ms)[0m  begin transaction
  [1m[36m (0.4ms)[0m  [1mCREATE TEMPORARY TABLE "altered_bookmarks" ("id" INTEGER PRIMARY KEY AUTOINCREMENT NOT NULL, "user_id" integer NOT NULL, "url" text, "document_id" varchar(255), "title" varchar(255), "notes" text, "created_at" datetime NOT NULL, "updated_at" datetime NOT NULL) [0m
  [1m[35m (0.1ms)[0m  SELECT * FROM "bookmarks"
  [1m[36m (0.1ms)[0m  [1mDROP TABLE "bookmarks"[0m
  [1m[35m (0.1ms)[0m  CREATE TABLE "bookmarks" ("id" INTEGER PRIMARY KEY AUTOINCREMENT NOT NULL, "user_id" integer NOT NULL, "url" text, "document_id" varchar(255), "title" varchar(255), "created_at" datetime NOT NULL, "updated_at" datetime NOT NULL) 
  [1m[36m (0.0ms)[0m  [1mSELECT * FROM "altered_bookmarks"[0m
  [1m[35m (0.1ms)[0m  DROP TABLE "altered_bookmarks"
  [1m[36m (0.1ms)[0m  [1mCREATE TEMPORARY TABLE "altered_bookmarks" ("id" INTEGER PRIMARY KEY AUTOINCREMENT NOT NULL, "user_id" integer NOT NULL, "url" text, "document_id" varchar(255), "title" varchar(255), "created_at" datetime NOT NULL, "updated_at" datetime NOT NULL) [0m
  [1m[35m (0.0ms)[0m  SELECT * FROM "bookmarks"
  [1m[36m (0.1ms)[0m  [1mDROP TABLE "bookmarks"[0m
  [1m[35m (0.1ms)[0m  CREATE TABLE "bookmarks" ("id" INTEGER PRIMARY KEY AUTOINCREMENT NOT NULL, "user_id" integer NOT NULL, "document_id" varchar(255), "title" varchar(255), "created_at" datetime NOT NULL, "updated_at" datetime NOT NULL) 
  [1m[36m (0.0ms)[0m  [1mSELECT * FROM "altered_bookmarks"[0m
  [1m[35m (0.1ms)[0m  DROP TABLE "altered_bookmarks"
  [1m[36m (0.0ms)[0m  [1mINSERT INTO "schema_migrations" ("version") VALUES ('20130306203437')[0m
  [1m[35m (142.7ms)[0m  commit transaction
Migrating to AddUserTypesToBookmarksSearches (20130306203438)
  [1m[36m (0.1ms)[0m  [1mbegin transaction[0m
  [1m[35m (0.3ms)[0m  ALTER TABLE "searches" ADD "user_type" varchar(255)
  [1m[36m (0.2ms)[0m  [1mALTER TABLE "bookmarks" ADD "user_type" varchar(255)[0m
  [1m[35mSQL (0.0ms)[0m  UPDATE "searches" SET user_type = 'user'
  [1m[36mSQL (0.0ms)[0m  [1mUPDATE "bookmarks" SET user_type = 'user'[0m
  [1m[35m (0.1ms)[0m  INSERT INTO "schema_migrations" ("version") VALUES ('20130306203438')
  [1m[36m (143.4ms)[0m  [1mcommit transaction[0m
  [1m[35m (0.1ms)[0m  SELECT "schema_migrations"."version" FROM "schema_migrations" 


Started GET "/" for 127.0.0.1 at 2013-07-30 14:41:33 -0600
Connecting to database specified by database.yml
Processing by CatalogController#index as HTML
Solr query: {:qt=>"search", "spellcheck.q"=>nil, :"facet.field"=>["ua_singleTarget", "ua_language", "ua_freeJournal", "ua_target", "ua_sirsiPubDateNotes", "ua_inSFX", "ua_inSirsi"], :sort=>"score desc, pub_date_sort desc, title_sort asc", "start"=>0, "rows"=>10}
Solr fetch: CatalogController#query_solr (46.3ms)
  Rendered /home/asdp/.rvm/gems/ruby-2.0.0-p0/gems/blacklight-4.0.1/app/views/catalog/_facet_limit.html.erb (81.9ms)
  Rendered /home/asdp/.rvm/gems/ruby-2.0.0-p0/gems/blacklight-4.0.1/app/views/catalog/_facets.html.erb (83.3ms)
  Rendered /home/asdp/.rvm/gems/ruby-2.0.0-p0/gems/blacklight-4.0.1/app/views/catalog/_home_text.html.erb (0.3ms)
  Rendered /home/asdp/.rvm/gems/ruby-2.0.0-p0/gems/blacklight-4.0.1/app/views/catalog/_facet_limit.html.erb (3.3ms)
  Rendered /home/asdp/.rvm/gems/ruby-2.0.0-p0/gems/blacklight-4.0.1/app/views/catalog/_facets.html.erb (4.0ms)
  Rendered /home/asdp/.rvm/gems/ruby-2.0.0-p0/gems/blacklight-4.0.1/app/views/catalog/_home.html.erb (5.8ms)
  Rendered /home/asdp/.rvm/gems/ruby-2.0.0-p0/gems/blacklight-4.0.1/app/views/catalog/index.html.erb within layouts/blacklight (92.8ms)
  Rendered /home/asdp/.rvm/gems/ruby-2.0.0-p0/gems/blacklight-4.0.1/app/views/catalog/_search_form.html.erb (1.2ms)
  Rendered /home/asdp/.rvm/gems/ruby-2.0.0-p0/gems/blacklight-4.0.1/app/views/_user_util_links.html.erb (0.7ms)
  Rendered /home/asdp/.rvm/gems/ruby-2.0.0-p0/gems/blacklight-4.0.1/app/views/shared/_header_navbar.html.erb (3.6ms)
  Rendered /home/asdp/.rvm/gems/ruby-2.0.0-p0/gems/blacklight-4.0.1/app/views/_flash_msg.html.erb (0.3ms)
  Rendered /home/asdp/.rvm/gems/ruby-2.0.0-p0/gems/blacklight-4.0.1/app/views/shared/_footer.html.erb (0.2ms)
Completed 200 OK in 255ms (Views: 186.2ms | ActiveRecord: 0.0ms)


Started GET "/assets/favicon.ico" for 127.0.0.1 at 2013-07-30 14:41:34 -0600
Served asset /favicon.ico - 304 Not Modified (1ms)


Started GET "/?f%5Bua_target%5D%5B%5D=text" for 127.0.0.1 at 2013-07-30 14:41:37 -0600
Processing by CatalogController#index as HTML
  Parameters: {"f"=>{"ua_target"=>["text"]}}
Solr query: {:qt=>"search", "spellcheck.q"=>nil, :fq=>["{!raw f=ua_target}text"], :"facet.field"=>["ua_singleTarget", "ua_language", "ua_freeJournal", "ua_target", "ua_sirsiPubDateNotes", "ua_inSFX", "ua_inSirsi"], :sort=>"score desc, pub_date_sort desc, title_sort asc", "start"=>0, "rows"=>10}
Solr fetch: CatalogController#query_solr (6.8ms)
  [1m[36m (0.0ms)[0m  [1mbegin transaction[0m
  [1m[35mSQL (49.9ms)[0m  INSERT INTO "searches" ("created_at", "query_params", "updated_at", "user_id", "user_type") VALUES (?, ?, ?, ?, ?)  [["created_at", Tue, 30 Jul 2013 20:41:37 UTC +00:00], ["query_params", "---\n:f: !ruby/hash:ActiveSupport::HashWithIndifferentAccess\n  ua_target:\n  - text\n:controller: catalog\n:action: index\n"], ["updated_at", Tue, 30 Jul 2013 20:41:37 UTC +00:00], ["user_id", nil], ["user_type", nil]]
  [1m[36m (143.6ms)[0m  [1mcommit transaction[0m
  Rendered /home/asdp/.rvm/gems/ruby-2.0.0-p0/gems/blacklight-4.0.1/app/views/catalog/_facet_limit.html.erb (4.1ms)
  Rendered /home/asdp/.rvm/gems/ruby-2.0.0-p0/gems/blacklight-4.0.1/app/views/catalog/_facets.html.erb (5.8ms)
  Rendered /home/asdp/.rvm/gems/ruby-2.0.0-p0/gems/blacklight-4.0.1/app/views/catalog/_opensearch_response_metadata.html.erb (1.0ms)
  Rendered /home/asdp/.rvm/gems/ruby-2.0.0-p0/gems/blacklight-4.0.1/app/views/catalog/_did_you_mean.html.erb (0.3ms)
  Rendered /home/asdp/.rvm/gems/ruby-2.0.0-p0/gems/blacklight-4.0.1/app/views/catalog/_constraints_element.html.erb (0.6ms)
  Rendered /home/asdp/.rvm/gems/ruby-2.0.0-p0/gems/blacklight-4.0.1/app/views/catalog/_constraints.html.erb (2.3ms)
  Rendered /home/asdp/.rvm/gems/ruby-2.0.0-p0/gems/blacklight-4.0.1/app/views/catalog/_paginate_compact.html.erb (20.7ms)
  Rendered /home/asdp/.rvm/gems/ruby-2.0.0-p0/gems/blacklight-4.0.1/app/views/catalog/_sort_widget.html.erb (1.3ms)
  Rendered /home/asdp/.rvm/gems/ruby-2.0.0-p0/gems/blacklight-4.0.1/app/views/catalog/_per_page_widget.html.erb (2.0ms)
  Rendered /home/asdp/.rvm/gems/ruby-2.0.0-p0/gems/blacklight-4.0.1/app/views/catalog/_sort_and_per_page.html.erb (26.6ms)
  Rendered /home/asdp/.rvm/gems/ruby-2.0.0-p0/gems/blacklight-4.0.1/app/views/catalog/_document_header.html.erb (1.1ms)
  Rendered /home/asdp/.rvm/gems/ruby-2.0.0-p0/gems/blacklight-4.0.1/app/views/catalog/_index_default.html.erb (0.4ms)
  Rendered /home/asdp/.rvm/gems/ruby-2.0.0-p0/gems/blacklight-4.0.1/app/views/catalog/_document_header.html.erb (0.4ms)
  Rendered /home/asdp/.rvm/gems/ruby-2.0.0-p0/gems/blacklight-4.0.1/app/views/catalog/_index_default.html.erb (0.0ms)
  Rendered /home/asdp/.rvm/gems/ruby-2.0.0-p0/gems/blacklight-4.0.1/app/views/catalog/_document_header.html.erb (0.2ms)
  Rendered /home/asdp/.rvm/gems/ruby-2.0.0-p0/gems/blacklight-4.0.1/app/views/catalog/_index_default.html.erb (0.0ms)
  Rendered /home/asdp/.rvm/gems/ruby-2.0.0-p0/gems/blacklight-4.0.1/app/views/catalog/_document_header.html.erb (0.3ms)
  Rendered /home/asdp/.rvm/gems/ruby-2.0.0-p0/gems/blacklight-4.0.1/app/views/catalog/_index_default.html.erb (0.0ms)
  Rendered /home/asdp/.rvm/gems/ruby-2.0.0-p0/gems/blacklight-4.0.1/app/views/catalog/_document_header.html.erb (0.2ms)
  Rendered /home/asdp/.rvm/gems/ruby-2.0.0-p0/gems/blacklight-4.0.1/app/views/catalog/_index_default.html.erb (0.0ms)
  Rendered /home/asdp/.rvm/gems/ruby-2.0.0-p0/gems/blacklight-4.0.1/app/views/catalog/_document_header.html.erb (0.3ms)
  Rendered /home/asdp/.rvm/gems/ruby-2.0.0-p0/gems/blacklight-4.0.1/app/views/catalog/_index_default.html.erb (0.0ms)
  Rendered /home/asdp/.rvm/gems/ruby-2.0.0-p0/gems/blacklight-4.0.1/app/views/catalog/_document_header.html.erb (0.2ms)
  Rendered /home/asdp/.rvm/gems/ruby-2.0.0-p0/gems/blacklight-4.0.1/app/views/catalog/_index_default.html.erb (0.0ms)
  Rendered /home/asdp/.rvm/gems/ruby-2.0.0-p0/gems/blacklight-4.0.1/app/views/catalog/_document_header.html.erb (0.2ms)
  Rendered /home/asdp/.rvm/gems/ruby-2.0.0-p0/gems/blacklight-4.0.1/app/views/catalog/_index_default.html.erb (0.0ms)
  Rendered /home/asdp/.rvm/gems/ruby-2.0.0-p0/gems/blacklight-4.0.1/app/views/catalog/_document_header.html.erb (0.2ms)
  Rendered /home/asdp/.rvm/gems/ruby-2.0.0-p0/gems/blacklight-4.0.1/app/views/catalog/_index_default.html.erb (0.0ms)
  Rendered /home/asdp/.rvm/gems/ruby-2.0.0-p0/gems/blacklight-4.0.1/app/views/catalog/_document_header.html.erb (0.2ms)
  Rendered /home/asdp/.rvm/gems/ruby-2.0.0-p0/gems/blacklight-4.0.1/app/views/catalog/_index_default.html.erb (0.0ms)
  Rendered /home/asdp/.rvm/gems/ruby-2.0.0-p0/gems/blacklight-4.0.1/app/views/catalog/_document.html.erb (53.5ms)
  Rendered /home/asdp/.rvm/gems/ruby-2.0.0-p0/gems/blacklight-4.0.1/app/views/catalog/_document_list.html.erb (54.5ms)
  Rendered /home/asdp/.rvm/gems/ruby-2.0.0-p0/gems/blacklight-4.0.1/app/views/catalog/_results_pagination.html.erb (20.9ms)
  Rendered /home/asdp/.rvm/gems/ruby-2.0.0-p0/gems/blacklight-4.0.1/app/views/catalog/index.html.erb within layouts/blacklight (117.2ms)
  Rendered /home/asdp/.rvm/gems/ruby-2.0.0-p0/gems/blacklight-4.0.1/app/views/catalog/_search_form.html.erb (0.7ms)
  Rendered /home/asdp/.rvm/gems/ruby-2.0.0-p0/gems/blacklight-4.0.1/app/views/_user_util_links.html.erb (1.5ms)
  Rendered /home/asdp/.rvm/gems/ruby-2.0.0-p0/gems/blacklight-4.0.1/app/views/shared/_header_navbar.html.erb (3.6ms)
  Rendered /home/asdp/.rvm/gems/ruby-2.0.0-p0/gems/blacklight-4.0.1/app/views/_flash_msg.html.erb (0.0ms)
  Rendered /home/asdp/.rvm/gems/ruby-2.0.0-p0/gems/blacklight-4.0.1/app/views/shared/_footer.html.erb (0.0ms)
Completed 200 OK in 388ms (Views: 165.3ms | ActiveRecord: 194.3ms)


Started GET "/assets/blacklight.css?body=1" for 127.0.0.1 at 2013-07-30 14:41:37 -0600
Served asset /blacklight.css - 304 Not Modified (5ms)


Started GET "/assets/jquery.js?body=1" for 127.0.0.1 at 2013-07-30 14:41:37 -0600
Served asset /jquery.js - 304 Not Modified (2ms)


Started GET "/assets/blacklight/checkbox_submit.js?body=1" for 127.0.0.1 at 2013-07-30 14:41:37 -0600
Served asset /blacklight/checkbox_submit.js - 304 Not Modified (1ms)


Started GET "/assets/blacklight/core.js?body=1" for 127.0.0.1 at 2013-07-30 14:41:37 -0600
Served asset /blacklight/core.js - 304 Not Modified (4ms)


Started GET "/assets/jquery_ujs.js?body=1" for 127.0.0.1 at 2013-07-30 14:41:37 -0600
Served asset /jquery_ujs.js - 304 Not Modified (1ms)


Started GET "/assets/application.css?body=1" for 127.0.0.1 at 2013-07-30 14:41:37 -0600
Served asset /application.css - 304 Not Modified (48ms)


Started GET "/assets/blacklight/bookmark_toggle.js?body=1" for 127.0.0.1 at 2013-07-30 14:41:37 -0600
Served asset /blacklight/bookmark_toggle.js - 304 Not Modified (12ms)


Started GET "/assets/blacklight/select_submit.js?body=1" for 127.0.0.1 at 2013-07-30 14:41:37 -0600
Served asset /blacklight/select_submit.js - 304 Not Modified (2ms)


Started GET "/assets/blacklight/lightbox_dialog.js?body=1" for 127.0.0.1 at 2013-07-30 14:41:37 -0600
Served asset /blacklight/lightbox_dialog.js - 304 Not Modified (2ms)


Started GET "/assets/blacklight/facet_expand_contract.js?body=1" for 127.0.0.1 at 2013-07-30 14:41:37 -0600
Served asset /blacklight/facet_expand_contract.js - 304 Not Modified (2ms)


Started GET "/assets/blacklight/search_context.js?body=1" for 127.0.0.1 at 2013-07-30 14:41:37 -0600
Served asset /blacklight/search_context.js - 304 Not Modified (2ms)


Started GET "/assets/blacklight/zebra_stripe.js?body=1" for 127.0.0.1 at 2013-07-30 14:41:37 -0600
Served asset /blacklight/zebra_stripe.js - 304 Not Modified (2ms)


Started GET "/assets/blacklight/css_dropdowns.js?body=1" for 127.0.0.1 at 2013-07-30 14:41:37 -0600
Served asset /blacklight/css_dropdowns.js - 304 Not Modified (1ms)


Started GET "/assets/bootstrap-transition.js?body=1" for 127.0.0.1 at 2013-07-30 14:41:37 -0600
Served asset /bootstrap-transition.js - 304 Not Modified (1ms)


Started GET "/assets/bootstrap-collapse.js?body=1" for 127.0.0.1 at 2013-07-30 14:41:37 -0600
Served asset /bootstrap-collapse.js - 304 Not Modified (1ms)


Started GET "/assets/bootstrap-alert.js?body=1" for 127.0.0.1 at 2013-07-30 14:41:37 -0600
Served asset /bootstrap-alert.js - 304 Not Modified (1ms)


Started GET "/assets/improved-modal/bootstrap-modalmanager.js?body=1" for 127.0.0.1 at 2013-07-30 14:41:37 -0600
Served asset /improved-modal/bootstrap-modalmanager.js - 304 Not Modified (1ms)


Started GET "/assets/improved-modal/bootstrap-modal.js?body=1" for 127.0.0.1 at 2013-07-30 14:41:37 -0600
Served asset /improved-modal/bootstrap-modal.js - 304 Not Modified (1ms)


Started GET "/assets/blacklight/blacklight.js?body=1" for 127.0.0.1 at 2013-07-30 14:41:37 -0600
Served asset /blacklight/blacklight.js - 304 Not Modified (15ms)


Started GET "/assets/application.js?body=1" for 127.0.0.1 at 2013-07-30 14:41:37 -0600
Served asset /application.js - 304 Not Modified (44ms)


Started GET "/assets/blacklight/remove.gif" for 127.0.0.1 at 2013-07-30 14:41:37 -0600
Served asset /blacklight/remove.gif - 200 OK (8ms)


Started GET "/assets/blacklight/separator.gif" for 127.0.0.1 at 2013-07-30 14:41:37 -0600
Served asset /blacklight/separator.gif - 200 OK (3ms)


Started PUT "/catalog/954921334030" for 127.0.0.1 at 2013-07-30 14:41:39 -0600
Processing by CatalogController#update as HTML
  Parameters: {"counter"=>"2", "authenticity_token"=>"o4tWelIGgiM4X4IHYnbfTgYHN9x1Yys6W+3TJnFIAAg=", "id"=>"954921334030"}
Redirected to http://localhost:3000/catalog/954921334030
Completed 302 Found in 2ms (ActiveRecord: 0.0ms)


Started GET "/catalog/954921334030" for 127.0.0.1 at 2013-07-30 14:41:39 -0600
Processing by CatalogController#show as HTML
  Parameters: {"id"=>"954921334030"}
  Rendered /home/asdp/.rvm/gems/ruby-2.0.0-p0/gems/blacklight-4.0.1/app/views/catalog/_previous_next_doc.html.erb (1.5ms)
  Rendered /home/asdp/.rvm/gems/ruby-2.0.0-p0/gems/blacklight-4.0.1/app/views/catalog/_show_tools.html.erb (1.2ms)
  Rendered /home/asdp/.rvm/gems/ruby-2.0.0-p0/gems/blacklight-4.0.1/app/views/catalog/_show_sidebar.html.erb (2.4ms)
  Rendered /home/asdp/.rvm/gems/ruby-2.0.0-p0/gems/blacklight-4.0.1/app/views/catalog/_show_default.html.erb (0.8ms)
  Rendered /home/asdp/.rvm/gems/ruby-2.0.0-p0/gems/blacklight-4.0.1/app/views/catalog/_show_tools.html.erb (0.5ms)
  Rendered /home/asdp/.rvm/gems/ruby-2.0.0-p0/gems/blacklight-4.0.1/app/views/catalog/_show_sidebar.html.erb (1.1ms)
  Rendered /home/asdp/.rvm/gems/ruby-2.0.0-p0/gems/blacklight-4.0.1/app/views/catalog/show.html.erb within layouts/blacklight (17.9ms)
  Rendered /home/asdp/.rvm/gems/ruby-2.0.0-p0/gems/blacklight-4.0.1/app/views/catalog/_search_form.html.erb (0.7ms)
  Rendered /home/asdp/.rvm/gems/ruby-2.0.0-p0/gems/blacklight-4.0.1/app/views/_user_util_links.html.erb (0.2ms)
  Rendered /home/asdp/.rvm/gems/ruby-2.0.0-p0/gems/blacklight-4.0.1/app/views/shared/_header_navbar.html.erb (3.5ms)
  Rendered /home/asdp/.rvm/gems/ruby-2.0.0-p0/gems/blacklight-4.0.1/app/views/_flash_msg.html.erb (0.0ms)
  Rendered /home/asdp/.rvm/gems/ruby-2.0.0-p0/gems/blacklight-4.0.1/app/views/shared/_footer.html.erb (0.0ms)
Completed 200 OK in 111ms (Views: 66.6ms | ActiveRecord: 0.0ms)


Started GET "/assets/application.css?body=1" for 127.0.0.1 at 2013-07-30 14:41:39 -0600
Served asset /application.css - 304 Not Modified (57ms)


Started GET "/assets/blacklight.css?body=1" for 127.0.0.1 at 2013-07-30 14:41:39 -0600
Served asset /blacklight.css - 304 Not Modified (6ms)


Started GET "/assets/jquery.js?body=1" for 127.0.0.1 at 2013-07-30 14:41:39 -0600
Served asset /jquery.js - 304 Not Modified (1ms)


Started GET "/assets/jquery_ujs.js?body=1" for 127.0.0.1 at 2013-07-30 14:41:39 -0600
Served asset /jquery_ujs.js - 304 Not Modified (0ms)


Started GET "/assets/blacklight/checkbox_submit.js?body=1" for 127.0.0.1 at 2013-07-30 14:41:39 -0600
Served asset /blacklight/checkbox_submit.js - 304 Not Modified (0ms)


Started GET "/assets/blacklight/core.js?body=1" for 127.0.0.1 at 2013-07-30 14:41:39 -0600
Served asset /blacklight/core.js - 304 Not Modified (0ms)


Started GET "/assets/blacklight/facet_expand_contract.js?body=1" for 127.0.0.1 at 2013-07-30 14:41:39 -0600
Served asset /blacklight/facet_expand_contract.js - 304 Not Modified (0ms)


Started GET "/assets/blacklight/bookmark_toggle.js?body=1" for 127.0.0.1 at 2013-07-30 14:41:39 -0600
Served asset /blacklight/bookmark_toggle.js - 304 Not Modified (0ms)


Started GET "/assets/blacklight/search_context.js?body=1" for 127.0.0.1 at 2013-07-30 14:41:39 -0600
Served asset /blacklight/search_context.js - 304 Not Modified (0ms)


Started GET "/assets/blacklight/lightbox_dialog.js?body=1" for 127.0.0.1 at 2013-07-30 14:41:39 -0600
Served asset /blacklight/lightbox_dialog.js - 304 Not Modified (0ms)


Started GET "/assets/blacklight/select_submit.js?body=1" for 127.0.0.1 at 2013-07-30 14:41:39 -0600
Served asset /blacklight/select_submit.js - 304 Not Modified (0ms)


Started GET "/assets/improved-modal/bootstrap-modalmanager.js?body=1" for 127.0.0.1 at 2013-07-30 14:41:39 -0600
Served asset /improved-modal/bootstrap-modalmanager.js - 304 Not Modified (0ms)


Started GET "/assets/bootstrap-transition.js?body=1" for 127.0.0.1 at 2013-07-30 14:41:39 -0600
Served asset /bootstrap-transition.js - 304 Not Modified (0ms)


Started GET "/assets/bootstrap-alert.js?body=1" for 127.0.0.1 at 2013-07-30 14:41:39 -0600
Served asset /bootstrap-alert.js - 304 Not Modified (0ms)


Started GET "/assets/bootstrap-collapse.js?body=1" for 127.0.0.1 at 2013-07-30 14:41:39 -0600
Served asset /bootstrap-collapse.js - 304 Not Modified (0ms)


Started GET "/assets/blacklight/zebra_stripe.js?body=1" for 127.0.0.1 at 2013-07-30 14:41:39 -0600
Served asset /blacklight/zebra_stripe.js - 304 Not Modified (0ms)


Started GET "/assets/blacklight/css_dropdowns.js?body=1" for 127.0.0.1 at 2013-07-30 14:41:39 -0600
Served asset /blacklight/css_dropdowns.js - 304 Not Modified (0ms)


Started GET "/assets/improved-modal/bootstrap-modal.js?body=1" for 127.0.0.1 at 2013-07-30 14:41:39 -0600
Served asset /improved-modal/bootstrap-modal.js - 304 Not Modified (0ms)


Started GET "/assets/blacklight/blacklight.js?body=1" for 127.0.0.1 at 2013-07-30 14:41:39 -0600
Served asset /blacklight/blacklight.js - 304 Not Modified (0ms)


Started GET "/assets/application.js?body=1" for 127.0.0.1 at 2013-07-30 14:41:39 -0600
Served asset /application.js - 304 Not Modified (33ms)
